<?xml version="1.0" encoding="UTF-8"?>
<!-- Generated by org.testng.reporters.JUnitXMLReporter -->
<testsuite ignored="2" hostname="DESKTOP-GICQ57T" failures="2" tests="2" name="Provide Methods" time="24.136" errors="0" timestamp="2021-12-26T00:28:22 CET">
  <testcase classname="ob.qa.test.testNGJangu.EBayHome_Sanity" name="empty_Search_test_softassert" time="6.834">
    <failure type="java.lang.AssertionError" message="The following asserts failed:
	Verify URL of the new page expected [] but found [https://www.ebay.com/n/all-categories]">
      <![CDATA[java.lang.AssertionError: The following asserts failed:
Verify URL of the new page expected [] but found [https://www.ebay.com/n/all-categories]
at ob.qa.test.testNGJangu.EBayHome_Sanity.empty_Search_test_softassert(EBayHome_Sanity.java:93)
at java.base/java.util.ArrayList.forEach(ArrayList.java:1540)
... Removed 29 stack frames]]>
    </failure>
  </testcase> <!-- empty_Search_test_softassert -->
  <testcase classname="ob.qa.test.testNGJangu.Abay_Advanced_Search_Sanity" name="category_options_in_ascendant_order" time="0.731">
    <failure type="java.lang.AssertionError" message="Verify Category Items sorted expected [true] but found [false]">
      <![CDATA[java.lang.AssertionError: Verify Category Items sorted expected [true] but found [false]
at ob.qa.test.testNGJangu.Abay_Advanced_Search_Sanity.category_options_in_ascendant_order(Abay_Advanced_Search_Sanity.java:75)
at java.base/java.util.ArrayList.forEach(ArrayList.java:1540)
... Removed 30 stack frames]]>
    </failure>
  </testcase> <!-- category_options_in_ascendant_order -->
  <testcase classname="ob.qa.test.testNGJangu.EBayHome_Sanity" name="empty_Search_test" time="0.0">
    <ignored/>
  </testcase> <!-- empty_Search_test -->
  <testcase classname="ob.qa.test.testNGJangu.Abay_Advanced_Search_Sanity" name="empty_Search_test_advanced" time="0.0">
    <ignored/>
  </testcase> <!-- empty_Search_test_advanced -->
</testsuite> <!-- Provide Methods -->
