<?xml version="1.0" encoding="UTF-8"?>
<!-- Generated by org.testng.reporters.JUnitXMLReporter -->
<testsuite ignored="0" hostname="DESKTOP-GICQ57T" failures="1" tests="2" name="General Testing" time="29.248" errors="0" timestamp="2021-12-26T01:47:48 CET">
  <testcase classname="ob.qa.test.testNGJangu.EBayHome_Sanity" name="empty_Search_test" time="7.112"/>
  <testcase classname="ob.qa.test.testNGJangu.EBayHome_Sanity" name="empty_Search_test_softassert" time="7.108">
    <failure type="java.lang.AssertionError" message="The following asserts failed:
	Verify URL of the new page expected [] but found [https://www.ebay.com/n/all-categories]">
      <![CDATA[java.lang.AssertionError: The following asserts failed:
Verify URL of the new page expected [] but found [https://www.ebay.com/n/all-categories]
at ob.qa.test.testNGJangu.EBayHome_Sanity.empty_Search_test_softassert(EBayHome_Sanity.java:93)
at java.base/java.util.ArrayList.forEach(ArrayList.java:1540)
... Removed 29 stack frames]]>
    </failure>
  </testcase> <!-- empty_Search_test_softassert -->
</testsuite> <!-- General Testing -->
